<?xml version="1.0" encoding="UTF-8"?>
<!-- Generated by org.testng.reporters.JUnitXMLReporter -->
<testsuite ignored="3" hostname="LAPTOP-PONECF60" failures="0" tests="2" name="Test" time="14.83" errors="0" timestamp="2023-09-14T19:37:25 BST">
  <testcase classname="workingWithTestNG.TestCase_002" name="Function2" time="7.9"/>
  <testcase classname="workingWithTestNG.TestCase_001" name="Function1" time="6.872"/>
  <testcase classname="workingWithTestNG.TestCase_004" name="Function4" time="0.0">
    <ignored/>
  </testcase> <!-- Function4 -->
  <testcase classname="workingWithTestNG.TestCase_005" name="Function5" time="0.0">
    <ignored/>
  </testcase> <!-- Function5 -->
  <testcase classname="workingWithTestNG.TestCase_003" name="Function3" time="0.0">
    <ignored/>
  </testcase> <!-- Function3 -->
</testsuite> <!-- Test -->
