<?xml version="1.0" encoding="UTF-8"?>
<testng-results ignored="0" total="1" passed="1" failed="0" skipped="0">
  <reporter-output>
    <line>
      <![CDATA[Browser is launched]]>
    </line>
    <line>
      <![CDATA[Browser is maximized]]>
    </line>
    <line>
      <![CDATA[Opened Actitime web page]]>
    </line>
    <line>
      <![CDATA[closed the browser]]>
    </line>
  </reporter-output>
  <suite started-at="2023-10-03T17:26:53 BST" name="Default suite" finished-at="2023-10-03T17:27:01 BST" duration-ms="8021">
    <groups>
    </groups>
    <test started-at="2023-10-03T17:26:53 BST" name="Default test" finished-at="2023-10-03T17:27:01 BST" duration-ms="8021">
      <class name="assertion.UnderstandingAssertions">
        <test-method signature="create()[pri:0, instance:assertion.UnderstandingAssertions@3148f668]" started-at="2023-10-03T17:26:53 BST" name="create" finished-at="2023-10-03T17:27:01 BST" duration-ms="7978" status="PASS">
          <reporter-output>
            <line>
              <![CDATA[Browser is launched]]>
            </line>
            <line>
              <![CDATA[Browser is maximized]]>
            </line>
            <line>
              <![CDATA[Opened Actitime web page]]>
            </line>
            <line>
              <![CDATA[closed the browser]]>
            </line>
          </reporter-output>
        </test-method> <!-- create -->
      </class> <!-- assertion.UnderstandingAssertions -->
    </test> <!-- Default test -->
  </suite> <!-- Default suite -->
</testng-results>
